<?xml version="1.0" encoding="UTF-8"?>
<!-- Generated by org.testng.reporters.JUnitXMLReporter -->
<testsuite hostname="DESKTOP-JUVN070" ignored="2" name="Regression" tests="5" failures="0" timestamp="2022-06-10T09:58:14 CDT" time="0.009" errors="0">
  <testcase name="Test2" time="0.0" classname="ui.GroupsTest"/>
  <testcase name="Test3" time="0.001" classname="ui.GroupsTest"/>
  <testcase name="Test1" time="0.0" classname="ui.GroupsTest"/>
  <testcase name="Test2" time="0.0" classname="ui.LoginTest"/>
  <testcase name="Test1" time="0.001" classname="ui.LoginTest"/>
  <testcase name="@BeforeSuite dataSetup" time="0.0" classname="commondatasetup.DataSetup">
    <ignored/>
  </testcase> <!-- @BeforeSuite dataSetup -->
  <testcase name="@AfterSuite teardowndata" time="0.0" classname="commondatasetup.DataSetup">
    <ignored/>
  </testcase> <!-- @AfterSuite teardowndata -->
</testsuite> <!-- Regression -->
