<?xml version="1.0" encoding="UTF-8"?>
<!-- Generated by org.testng.reporters.JUnitXMLReporter -->
<testsuite hostname="DESKTOP-JUVN070" ignored="1" name="GRP-bvt" tests="2" failures="0" timestamp="2022-06-10T00:29:00 CDT" time="0.026" errors="0">
  <testcase name="Test2" time="0.005" classname="ui.GroupsTest"/>
  <testcase name="Test3" time="0.0" classname="ui.GroupsTest"/>
  <testcase name="Test1" time="0.0" classname="ui.GroupsTest">
    <ignored/>
  </testcase> <!-- Test1 -->
</testsuite> <!-- GRP-bvt -->
