<?xml version="1.0" encoding="UTF-8"?>
<!-- Generated by org.testng.reporters.JUnitXMLReporter -->
<testsuite hostname="DESKTOP-JUVN070" ignored="0" name="GRP-user-registration" tests="3" failures="0" timestamp="2022-06-10T00:30:37 CDT" time="0.032" errors="0">
  <testcase name="Test2" time="0.003" classname="ui.GroupsTest"/>
  <testcase name="Test3" time="0.001" classname="ui.GroupsTest"/>
  <testcase name="Test1" time="0.001" classname="ui.GroupsTest"/>
</testsuite> <!-- GRP-user-registration -->
