<?xml version="1.0" encoding="UTF-8"?>
<!-- Generated by org.testng.reporters.JUnitXMLReporter -->
<testsuite hostname="DESKTOP-JUVN070" ignored="3" name="GRP-regression" tests="3" failures="0" timestamp="2022-06-10T09:07:46 CDT" time="0.036" errors="0">
  <testcase name="testData2" time="0.003" classname="ui.SkipTestInTestNG">
    <skipped/>
  </testcase> <!-- testData2 -->
  <testcase name="Test2" time="0.001" classname="ui.GroupsTest"/>
  <testcase name="Test1" time="0.001" classname="ui.GroupsTest"/>
  <testcase name="testData" time="0.0" classname="ui.SkipTestInTestNG">
    <ignored/>
  </testcase> <!-- testData -->
  <testcase name="testData3" time="0.0" classname="ui.SkipTestInTestNG">
    <ignored/>
  </testcase> <!-- testData3 -->
  <testcase name="Test3" time="0.0" classname="ui.GroupsTest">
    <ignored/>
  </testcase> <!-- Test3 -->
</testsuite> <!-- GRP-regression -->
